<?xml version="1.0" encoding="UTF-8"?>
<!-- Generated by org.testng.reporters.JUnitXMLReporter -->
<testsuite ignored="0" hostname="DESKTOP-EHMRNKB" failures="0" tests="10" name="Test" time="0.474" errors="0" timestamp="2024-09-15T13:28:34 IST">
  <testcase classname="FirstSegment_SR.Registration" name="UserID_Creation" time="0.102"/>
  <testcase classname="FirstSegment_SR.Registration" name="UserName_Field" time="0.006"/>
  <testcase classname="FirstSegment_SR.Registration" name="User_EmailID" time="0.006"/>
  <testcase classname="FirstSegment_SR.Registration" name="User_MobileNo" time="0.007"/>
  <testcase classname="SecondSegment_SR.HomePage" name="Customer_Review" time="0.004"/>
  <testcase classname="SecondSegment_SR.HomePage" name="Menu_Option" time="0.007"/>
  <testcase classname="SecondSegment_SR.HomePage" name="Product_Tab" time="0.008"/>
  <testcase classname="SecondSegment_SR.HomePage" name="Search_Option" time="0.006"/>
  <testcase classname="ThirdSegment_SR.WishList" name="Multiple_Product" time="0.007"/>
  <testcase classname="ThirdSegment_SR.WishList" name="ProductList" time="0.009"/>
</testsuite> <!-- Test -->
